1621442935.628873 client started (61478): version 3.2, socket /private/tmp/tmux-501/default, protocol 8
1621442935.628925 on Darwin 20.3.0 Darwin Kernel Version 20.3.0: Thu Jan 21 00:07:06 PST 2021; root:xnu-7195.81.3~1/RELEASE_X86_64
1621442935.628951 using libevent 2.1.12-stable (select); utf8proc 2.6.1; ncurses 6.2
1621442935.629006 flags are 0x18010000
1621442935.629024 socket is /private/tmp/tmux-501/default
1621442935.629050 trying connect
1621442935.629086 connect failed: Connection refused
1621442935.629218 lock file is /private/tmp/tmux-501/default.lock
1621442935.629345 flock succeeded
1621442935.629360 got lock (6)
1621442935.629374 trying connect
1621442935.629394 connect failed: Connection refused
1621442935.630042 add peer 0x7f9cf8048000: 7 (0x0)
1621442935.632288 sending message 100 to peer 0x7f9cf8048000 (4 bytes)
1621442935.632322 sending message 111 to peer 0x7f9cf8048000 (8 bytes)
1621442935.632337 sending message 101 to peer 0x7f9cf8048000 (12 bytes)
1621442935.632349 sending message 109 to peer 0x7f9cf8048000 (4 bytes)
1621442935.632363 sending message 102 to peer 0x7f9cf8048000 (13 bytes)
1621442935.632377 sending message 108 to peer 0x7f9cf8048000 (27 bytes)
1621442935.632390 sending message 112 to peer 0x7f9cf8048000 (70 bytes)
1621442935.632406 sending message 112 to peer 0x7f9cf8048000 (5 bytes)
1621442935.632419 sending message 112 to peer 0x7f9cf8048000 (6 bytes)
1621442935.632429 sending message 112 to peer 0x7f9cf8048000 (6 bytes)
1621442935.632440 sending message 112 to peer 0x7f9cf8048000 (10 bytes)
1621442935.632452 sending message 112 to peer 0x7f9cf8048000 (13 bytes)
1621442935.632466 sending message 112 to peer 0x7f9cf8048000 (14 bytes)
1621442935.632478 sending message 112 to peer 0x7f9cf8048000 (19 bytes)
1621442935.632491 sending message 112 to peer 0x7f9cf8048000 (11 bytes)
1621442935.632502 sending message 112 to peer 0x7f9cf8048000 (21 bytes)
1621442935.632513 sending message 112 to peer 0x7f9cf8048000 (13 bytes)
1621442935.632526 sending message 112 to peer 0x7f9cf8048000 (7 bytes)
1621442935.632537 sending message 112 to peer 0x7f9cf8048000 (13 bytes)
1621442935.632551 sending message 112 to peer 0x7f9cf8048000 (7 bytes)
1621442935.632564 sending message 112 to peer 0x7f9cf8048000 (13 bytes)
1621442935.632577 sending message 112 to peer 0x7f9cf8048000 (9 bytes)
1621442935.632590 sending message 112 to peer 0x7f9cf8048000 (21 bytes)
1621442935.632604 sending message 112 to peer 0x7f9cf8048000 (13 bytes)
1621442935.632618 sending message 112 to peer 0x7f9cf8048000 (9 bytes)
1621442935.632631 sending message 112 to peer 0x7f9cf8048000 (16 bytes)
1621442935.632649 sending message 112 to peer 0x7f9cf8048000 (13 bytes)
1621442935.632663 sending message 112 to peer 0x7f9cf8048000 (9 bytes)
1621442935.632674 sending message 112 to peer 0x7f9cf8048000 (9 bytes)
1621442935.632687 sending message 112 to peer 0x7f9cf8048000 (12 bytes)
1621442935.632699 sending message 112 to peer 0x7f9cf8048000 (8 bytes)
1621442935.632712 sending message 112 to peer 0x7f9cf8048000 (13 bytes)
1621442935.632723 sending message 112 to peer 0x7f9cf8048000 (7 bytes)
1621442935.632737 sending message 112 to peer 0x7f9cf8048000 (7 bytes)
1621442935.632749 sending message 112 to peer 0x7f9cf8048000 (9 bytes)
1621442935.632762 sending message 112 to peer 0x7f9cf8048000 (6 bytes)
1621442935.632774 sending message 112 to peer 0x7f9cf8048000 (9 bytes)
1621442935.632786 sending message 112 to peer 0x7f9cf8048000 (15 bytes)
1621442935.632801 sending message 112 to peer 0x7f9cf8048000 (13 bytes)
1621442935.632813 sending message 112 to peer 0x7f9cf8048000 (12 bytes)
1621442935.632826 sending message 112 to peer 0x7f9cf8048000 (8 bytes)
1621442935.632838 sending message 112 to peer 0x7f9cf8048000 (14 bytes)
1621442935.632850 sending message 112 to peer 0x7f9cf8048000 (9 bytes)
1621442935.632861 sending message 112 to peer 0x7f9cf8048000 (10 bytes)
1621442935.632875 sending message 112 to peer 0x7f9cf8048000 (10 bytes)
1621442935.632886 sending message 112 to peer 0x7f9cf8048000 (10 bytes)
1621442935.632900 sending message 112 to peer 0x7f9cf8048000 (10 bytes)
1621442935.632929 sending message 112 to peer 0x7f9cf8048000 (11 bytes)
1621442935.632938 sending message 112 to peer 0x7f9cf8048000 (12 bytes)
1621442935.632947 sending message 112 to peer 0x7f9cf8048000 (12 bytes)
1621442935.632973 sending message 112 to peer 0x7f9cf8048000 (12 bytes)
1621442935.632980 sending message 112 to peer 0x7f9cf8048000 (12 bytes)
1621442935.632988 sending message 112 to peer 0x7f9cf8048000 (12 bytes)
1621442935.632996 sending message 112 to peer 0x7f9cf8048000 (11 bytes)
1621442935.633004 sending message 112 to peer 0x7f9cf8048000 (11 bytes)
1621442935.633014 sending message 112 to peer 0x7f9cf8048000 (12 bytes)
1621442935.633022 sending message 112 to peer 0x7f9cf8048000 (12 bytes)
1621442935.633031 sending message 112 to peer 0x7f9cf8048000 (12 bytes)
1621442935.633040 sending message 112 to peer 0x7f9cf8048000 (12 bytes)
1621442935.633050 sending message 112 to peer 0x7f9cf8048000 (12 bytes)
1621442935.633061 sending message 112 to peer 0x7f9cf8048000 (9 bytes)
1621442935.633070 sending message 112 to peer 0x7f9cf8048000 (12 bytes)
1621442935.633079 sending message 112 to peer 0x7f9cf8048000 (13 bytes)
1621442935.633089 sending message 112 to peer 0x7f9cf8048000 (13 bytes)
1621442935.633115 sending message 112 to peer 0x7f9cf8048000 (13 bytes)
1621442935.633123 sending message 112 to peer 0x7f9cf8048000 (13 bytes)
1621442935.633131 sending message 112 to peer 0x7f9cf8048000 (13 bytes)
1621442935.633140 sending message 112 to peer 0x7f9cf8048000 (8 bytes)
1621442935.633148 sending message 112 to peer 0x7f9cf8048000 (11 bytes)
1621442935.633157 sending message 112 to peer 0x7f9cf8048000 (11 bytes)
1621442935.633165 sending message 112 to peer 0x7f9cf8048000 (11 bytes)
1621442935.633173 sending message 112 to peer 0x7f9cf8048000 (12 bytes)
1621442935.633181 sending message 112 to peer 0x7f9cf8048000 (12 bytes)
1621442935.633189 sending message 112 to peer 0x7f9cf8048000 (12 bytes)
1621442935.633197 sending message 112 to peer 0x7f9cf8048000 (12 bytes)
1621442935.633205 sending message 112 to peer 0x7f9cf8048000 (13 bytes)
1621442935.633213 sending message 112 to peer 0x7f9cf8048000 (13 bytes)
1621442935.633221 sending message 112 to peer 0x7f9cf8048000 (13 bytes)
1621442935.633228 sending message 112 to peer 0x7f9cf8048000 (8 bytes)
1621442935.633236 sending message 112 to peer 0x7f9cf8048000 (13 bytes)
1621442935.633243 sending message 112 to peer 0x7f9cf8048000 (13 bytes)
1621442935.633251 sending message 112 to peer 0x7f9cf8048000 (13 bytes)
1621442935.633259 sending message 112 to peer 0x7f9cf8048000 (13 bytes)
1621442935.633268 sending message 112 to peer 0x7f9cf8048000 (13 bytes)
1621442935.633278 sending message 112 to peer 0x7f9cf8048000 (12 bytes)
1621442935.633287 sending message 112 to peer 0x7f9cf8048000 (12 bytes)
1621442935.633296 sending message 112 to peer 0x7f9cf8048000 (12 bytes)
1621442935.633305 sending message 112 to peer 0x7f9cf8048000 (12 bytes)
1621442935.633314 sending message 112 to peer 0x7f9cf8048000 (13 bytes)
1621442935.633322 sending message 112 to peer 0x7f9cf8048000 (8 bytes)
1621442935.633331 sending message 112 to peer 0x7f9cf8048000 (13 bytes)
1621442935.633338 sending message 112 to peer 0x7f9cf8048000 (13 bytes)
1621442935.633347 sending message 112 to peer 0x7f9cf8048000 (13 bytes)
1621442935.633354 sending message 112 to peer 0x7f9cf8048000 (13 bytes)
1621442935.633363 sending message 112 to peer 0x7f9cf8048000 (13 bytes)
1621442935.633371 sending message 112 to peer 0x7f9cf8048000 (13 bytes)
1621442935.633379 sending message 112 to peer 0x7f9cf8048000 (13 bytes)
1621442935.633387 sending message 112 to peer 0x7f9cf8048000 (12 bytes)
1621442935.633395 sending message 112 to peer 0x7f9cf8048000 (12 bytes)
1621442935.633402 sending message 112 to peer 0x7f9cf8048000 (12 bytes)
1621442935.633410 sending message 112 to peer 0x7f9cf8048000 (8 bytes)
1621442935.633417 sending message 112 to peer 0x7f9cf8048000 (12 bytes)
1621442935.633426 sending message 112 to peer 0x7f9cf8048000 (13 bytes)
1621442935.633434 sending message 112 to peer 0x7f9cf8048000 (13 bytes)
1621442935.633458 sending message 112 to peer 0x7f9cf8048000 (13 bytes)
1621442935.633467 sending message 112 to peer 0x7f9cf8048000 (13 bytes)
1621442935.633476 sending message 112 to peer 0x7f9cf8048000 (13 bytes)
1621442935.633484 sending message 112 to peer 0x7f9cf8048000 (13 bytes)
1621442935.633494 sending message 112 to peer 0x7f9cf8048000 (13 bytes)
1621442935.633503 sending message 112 to peer 0x7f9cf8048000 (13 bytes)
1621442935.633513 sending message 112 to peer 0x7f9cf8048000 (12 bytes)
1621442935.633523 sending message 112 to peer 0x7f9cf8048000 (10 bytes)
1621442935.633532 sending message 112 to peer 0x7f9cf8048000 (12 bytes)
1621442935.633540 sending message 112 to peer 0x7f9cf8048000 (12 bytes)
1621442935.633546 sending message 112 to peer 0x7f9cf8048000 (12 bytes)
1621442935.633552 sending message 112 to peer 0x7f9cf8048000 (13 bytes)
1621442935.633559 sending message 112 to peer 0x7f9cf8048000 (13 bytes)
1621442935.633565 sending message 112 to peer 0x7f9cf8048000 (13 bytes)
1621442935.633571 sending message 112 to peer 0x7f9cf8048000 (13 bytes)
1621442935.633579 sending message 112 to peer 0x7f9cf8048000 (13 bytes)
1621442935.633587 sending message 112 to peer 0x7f9cf8048000 (13 bytes)
1621442935.633596 sending message 112 to peer 0x7f9cf8048000 (13 bytes)
1621442935.633606 sending message 112 to peer 0x7f9cf8048000 (10 bytes)
1621442935.633616 sending message 112 to peer 0x7f9cf8048000 (13 bytes)
1621442935.633622 sending message 112 to peer 0x7f9cf8048000 (12 bytes)
1621442935.633628 sending message 112 to peer 0x7f9cf8048000 (12 bytes)
1621442935.633636 sending message 112 to peer 0x7f9cf8048000 (12 bytes)
1621442935.633644 sending message 112 to peer 0x7f9cf8048000 (10 bytes)
1621442935.633651 sending message 112 to peer 0x7f9cf8048000 (10 bytes)
1621442935.633659 sending message 112 to peer 0x7f9cf8048000 (10 bytes)
1621442935.633666 sending message 112 to peer 0x7f9cf8048000 (12 bytes)
1621442935.633674 sending message 112 to peer 0x7f9cf8048000 (13 bytes)
1621442935.633682 sending message 112 to peer 0x7f9cf8048000 (13 bytes)
1621442935.633693 sending message 112 to peer 0x7f9cf8048000 (13 bytes)
1621442935.633699 sending message 112 to peer 0x7f9cf8048000 (13 bytes)
1621442935.633706 sending message 112 to peer 0x7f9cf8048000 (13 bytes)
1621442935.633712 sending message 112 to peer 0x7f9cf8048000 (10 bytes)
1621442935.633719 sending message 112 to peer 0x7f9cf8048000 (11 bytes)
1621442935.633728 sending message 112 to peer 0x7f9cf8048000 (12 bytes)
1621442935.633738 sending message 112 to peer 0x7f9cf8048000 (12 bytes)
1621442935.633746 sending message 112 to peer 0x7f9cf8048000 (12 bytes)
1621442935.633755 sending message 112 to peer 0x7f9cf8048000 (12 bytes)
1621442935.633764 sending message 112 to peer 0x7f9cf8048000 (12 bytes)
1621442935.633770 sending message 112 to peer 0x7f9cf8048000 (11 bytes)
1621442935.633776 sending message 112 to peer 0x7f9cf8048000 (12 bytes)
1621442935.633783 sending message 112 to peer 0x7f9cf8048000 (12 bytes)
1621442935.633789 sending message 112 to peer 0x7f9cf8048000 (13 bytes)
1621442935.633798 sending message 112 to peer 0x7f9cf8048000 (13 bytes)
1621442935.633804 sending message 112 to peer 0x7f9cf8048000 (13 bytes)
1621442935.633813 sending message 112 to peer 0x7f9cf8048000 (13 bytes)
1621442935.633823 sending message 112 to peer 0x7f9cf8048000 (13 bytes)
1621442935.633834 sending message 112 to peer 0x7f9cf8048000 (10 bytes)
1621442935.633844 sending message 112 to peer 0x7f9cf8048000 (9 bytes)
1621442935.633851 sending message 112 to peer 0x7f9cf8048000 (12 bytes)
1621442935.633860 sending message 112 to peer 0x7f9cf8048000 (13 bytes)
1621442935.633868 sending message 112 to peer 0x7f9cf8048000 (13 bytes)
1621442935.633875 sending message 112 to peer 0x7f9cf8048000 (13 bytes)
1621442935.633883 sending message 112 to peer 0x7f9cf8048000 (13 bytes)
1621442935.633892 sending message 112 to peer 0x7f9cf8048000 (13 bytes)
1621442935.633900 sending message 112 to peer 0x7f9cf8048000 (9 bytes)
1621442935.633909 sending message 112 to peer 0x7f9cf8048000 (12 bytes)
1621442935.633933 sending message 112 to peer 0x7f9cf8048000 (13 bytes)
1621442935.633942 sending message 112 to peer 0x7f9cf8048000 (13 bytes)
1621442935.633951 sending message 112 to peer 0x7f9cf8048000 (13 bytes)
1621442935.633960 sending message 112 to peer 0x7f9cf8048000 (13 bytes)
1621442935.633968 sending message 112 to peer 0x7f9cf8048000 (13 bytes)
1621442935.633974 sending message 112 to peer 0x7f9cf8048000 (11 bytes)
1621442935.633982 sending message 112 to peer 0x7f9cf8048000 (12 bytes)
1621442935.633990 sending message 112 to peer 0x7f9cf8048000 (13 bytes)
1621442935.633998 sending message 112 to peer 0x7f9cf8048000 (13 bytes)
1621442935.634006 sending message 112 to peer 0x7f9cf8048000 (13 bytes)
1621442935.634014 sending message 112 to peer 0x7f9cf8048000 (13 bytes)
1621442935.634022 sending message 112 to peer 0x7f9cf8048000 (13 bytes)
1621442935.634030 sending message 112 to peer 0x7f9cf8048000 (11 bytes)
1621442935.634039 sending message 112 to peer 0x7f9cf8048000 (12 bytes)
1621442935.634046 sending message 112 to peer 0x7f9cf8048000 (12 bytes)
1621442935.634054 sending message 112 to peer 0x7f9cf8048000 (12 bytes)
1621442935.634061 sending message 112 to peer 0x7f9cf8048000 (12 bytes)
1621442935.634069 sending message 112 to peer 0x7f9cf8048000 (12 bytes)
1621442935.634076 sending message 112 to peer 0x7f9cf8048000 (12 bytes)
1621442935.634084 sending message 112 to peer 0x7f9cf8048000 (9 bytes)
1621442935.634092 sending message 112 to peer 0x7f9cf8048000 (6 bytes)
1621442935.634099 sending message 112 to peer 0x7f9cf8048000 (13 bytes)
1621442935.634107 sending message 112 to peer 0x7f9cf8048000 (10 bytes)
1621442935.634116 sending message 112 to peer 0x7f9cf8048000 (15 bytes)
1621442935.634124 sending message 112 to peer 0x7f9cf8048000 (11 bytes)
1621442935.634132 sending message 112 to peer 0x7f9cf8048000 (70 bytes)
1621442935.634138 sending message 112 to peer 0x7f9cf8048000 (69 bytes)
1621442935.634146 sending message 112 to peer 0x7f9cf8048000 (34 bytes)
1621442935.634154 sending message 112 to peer 0x7f9cf8048000 (34 bytes)
1621442935.634161 sending message 112 to peer 0x7f9cf8048000 (12 bytes)
1621442935.634169 sending message 112 to peer 0x7f9cf8048000 (10 bytes)
1621442935.634177 sending message 112 to peer 0x7f9cf8048000 (10 bytes)
1621442935.634184 sending message 112 to peer 0x7f9cf8048000 (15 bytes)
1621442935.634192 sending message 112 to peer 0x7f9cf8048000 (11 bytes)
1621442935.634200 sending message 112 to peer 0x7f9cf8048000 (10 bytes)
1621442935.634206 sending message 112 to peer 0x7f9cf8048000 (10 bytes)
1621442935.634214 sending message 112 to peer 0x7f9cf8048000 (10 bytes)
1621442935.634221 sending message 112 to peer 0x7f9cf8048000 (5 bytes)
1621442935.634229 sending message 112 to peer 0x7f9cf8048000 (9 bytes)
1621442935.634237 sending message 112 to peer 0x7f9cf8048000 (15 bytes)
1621442935.634257 sending message 104 to peer 0x7f9cf8048000 (0 bytes)
1621442935.634267 sending message 110 to peer 0x7f9cf8048000 (0 bytes)
1621442935.634276 sending message 107 to peer 0x7f9cf8048000 (4 bytes)
1621442935.634284 sending message 105 to peer 0x7f9cf8048000 (20 bytes)
1621442935.634290 sending message 105 to peer 0x7f9cf8048000 (38 bytes)
1621442935.634299 sending message 105 to peer 0x7f9cf8048000 (19 bytes)
1621442935.634309 sending message 105 to peer 0x7f9cf8048000 (67 bytes)
1621442935.634317 sending message 105 to peer 0x7f9cf8048000 (17 bytes)
1621442935.634326 sending message 105 to peer 0x7f9cf8048000 (66 bytes)
1621442935.634334 sending message 105 to peer 0x7f9cf8048000 (15 bytes)
1621442935.634341 sending message 105 to peer 0x7f9cf8048000 (17 bytes)
1621442935.634350 sending message 105 to peer 0x7f9cf8048000 (42 bytes)
1621442935.634359 sending message 105 to peer 0x7f9cf8048000 (57 bytes)
1621442935.634367 sending message 105 to peer 0x7f9cf8048000 (26 bytes)
1621442935.634374 sending message 105 to peer 0x7f9cf8048000 (22 bytes)
1621442935.634382 sending message 105 to peer 0x7f9cf8048000 (8 bytes)
1621442935.634390 sending message 105 to peer 0x7f9cf8048000 (31 bytes)
1621442935.634414 sending message 105 to peer 0x7f9cf8048000 (18 bytes)
1621442935.634422 sending message 105 to peer 0x7f9cf8048000 (14 bytes)
1621442935.634429 sending message 105 to peer 0x7f9cf8048000 (13 bytes)
1621442935.634437 sending message 105 to peer 0x7f9cf8048000 (12 bytes)
1621442935.634445 sending message 105 to peer 0x7f9cf8048000 (64 bytes)
1621442935.634453 sending message 105 to peer 0x7f9cf8048000 (121 bytes)
1621442935.634462 sending message 105 to peer 0x7f9cf8048000 (62 bytes)
1621442935.634470 sending message 106 to peer 0x7f9cf8048000 (0 bytes)
1621442935.634501 sending message 200 to peer 0x7f9cf8048000 (4 bytes)
1621442935.634511 client loop enter
1621442935.634671 client_signal: Child exited: 20
1621442936.176186 peer 0x7f9cf8048000 message 207
1621442936.176201 sending message 208 to peer 0x7f9cf8048000 (0 bytes)
1621442940.266207 peer 0x7f9cf8048000 message 203
1621442940.266228 sending message 205 to peer 0x7f9cf8048000 (0 bytes)
1621442940.266427 peer 0x7f9cf8048000 message 204
1621442940.266436 client loop exit
